  Main.cpp
engine.lib(SDL_dynapi.obj) : warning LNK4099: PDB '' was not found with 'engine.lib(SDL_dynapi.obj)' or at ''; linking object as if no debug info
engine.lib(OpenGL.obj) : warning LNK4099: PDB '' was not found with 'engine.lib(OpenGL.obj)' or at ''; linking object as if no debug info
engine.lib(glad.obj) : warning LNK4099: PDB '' was not found with 'engine.lib(glad.obj)' or at ''; linking object as if no debug info
engine.lib(Cube.obj) : warning LNK4099: PDB '' was not found with 'engine.lib(Cube.obj)' or at ''; linking object as if no debug info
engine.lib(Material.obj) : warning LNK4099: PDB '' was not found with 'engine.lib(Material.obj)' or at ''; linking object as if no debug info
engine.lib(Model_Obj.obj) : warning LNK4099: PDB '' was not found with 'engine.lib(Model_Obj.obj)' or at ''; linking object as if no debug info
engine.lib(Light.obj) : warning LNK4099: PDB '' was not found with 'engine.lib(Light.obj)' or at ''; linking object as if no debug info
engine.lib(Render_Node.obj) : warning LNK4099: PDB '' was not found with 'engine.lib(Render_Node.obj)' or at ''; linking object as if no debug info
engine.lib(SDL_error.obj) : warning LNK4099: PDB '' was not found with 'engine.lib(SDL_error.obj)' or at ''; linking object as if no debug info
engine.lib(SDL_log.obj) : warning LNK4099: PDB '' was not found with 'engine.lib(SDL_log.obj)' or at ''; linking object as if no debug info
engine.lib(SDL_string.obj) : warning LNK4099: PDB '' was not found with 'engine.lib(SDL_string.obj)' or at ''; linking object as if no debug info
engine.lib(SDL_thread.obj) : warning LNK4099: PDB '' was not found with 'engine.lib(SDL_thread.obj)' or at ''; linking object as if no debug info
engine.lib(SDL_rwops.obj) : warning LNK4099: PDB '' was not found with 'engine.lib(SDL_rwops.obj)' or at ''; linking object as if no debug info
engine.lib(SDL_windowsevents.obj) : warning LNK4099: PDB '' was not found with 'engine.lib(SDL_windowsevents.obj)' or at ''; linking object as if no debug info
engine.lib(SDL_windowsvideo.obj) : warning LNK4099: PDB '' was not found with 'engine.lib(SDL_windowsvideo.obj)' or at ''; linking object as if no debug info
engine.lib(SDL_render_d3d.obj) : warning LNK4099: PDB '' was not found with 'engine.lib(SDL_render_d3d.obj)' or at ''; linking object as if no debug info
engine.lib(SDL.obj) : warning LNK4099: PDB '' was not found with 'engine.lib(SDL.obj)' or at ''; linking object as if no debug info
engine.lib(SDL_assert.obj) : warning LNK4099: PDB '' was not found with 'engine.lib(SDL_assert.obj)' or at ''; linking object as if no debug info
engine.lib(SDL_spinlock.obj) : warning LNK4099: PDB '' was not found with 'engine.lib(SDL_spinlock.obj)' or at ''; linking object as if no debug info
engine.lib(SDL_atomic.obj) : warning LNK4099: PDB '' was not found with 'engine.lib(SDL_atomic.obj)' or at ''; linking object as if no debug info
engine.lib(SDL_audio.obj) : warning LNK4099: PDB '' was not found with 'engine.lib(SDL_audio.obj)' or at ''; linking object as if no debug info
engine.lib(SDL_wave.obj) : warning LNK4099: PDB '' was not found with 'engine.lib(SDL_wave.obj)' or at ''; linking object as if no debug info
engine.lib(SDL_audiocvt.obj) : warning LNK4099: PDB '' was not found with 'engine.lib(SDL_audiocvt.obj)' or at ''; linking object as if no debug info
engine.lib(SDL_mixer.obj) : warning LNK4099: PDB '' was not found with 'engine.lib(SDL_mixer.obj)' or at ''; linking object as if no debug info
engine.lib(SDL_clipboard.obj) : warning LNK4099: PDB '' was not found with 'engine.lib(SDL_clipboard.obj)' or at ''; linking object as if no debug info
engine.lib(SDL_cpuinfo.obj) : warning LNK4099: PDB '' was not found with 'engine.lib(SDL_cpuinfo.obj)' or at ''; linking object as if no debug info
engine.lib(SDL_events.obj) : warning LNK4099: PDB '' was not found with 'engine.lib(SDL_events.obj)' or at ''; linking object as if no debug info
engine.lib(SDL_sysfilesystem.obj) : warning LNK4099: PDB '' was not found with 'engine.lib(SDL_sysfilesystem.obj)' or at ''; linking object as if no debug info
engine.lib(SDL_gamecontroller.obj) : warning LNK4099: PDB '' was not found with 'engine.lib(SDL_gamecontroller.obj)' or at ''; linking object as if no debug info
engine.lib(SDL_gesture.obj) : warning LNK4099: PDB '' was not found with 'engine.lib(SDL_gesture.obj)' or at ''; linking object as if no debug info
engine.lib(SDL_haptic.obj) : warning LNK4099: PDB '' was not found with 'engine.lib(SDL_haptic.obj)' or at ''; linking object as if no debug info
engine.lib(SDL_hints.obj) : warning LNK4099: PDB '' was not found with 'engine.lib(SDL_hints.obj)' or at ''; linking object as if no debug info
engine.lib(SDL_joystick.obj) : warning LNK4099: PDB '' was not found with 'engine.lib(SDL_joystick.obj)' or at ''; linking object as if no debug info
engine.lib(SDL_keyboard.obj) : warning LNK4099: PDB '' was not found with 'engine.lib(SDL_keyboard.obj)' or at ''; linking object as if no debug info
engine.lib(SDL_video.obj) : warning LNK4099: PDB '' was not found with 'engine.lib(SDL_video.obj)' or at ''; linking object as if no debug info
engine.lib(SDL_sysloadso.obj) : warning LNK4099: PDB '' was not found with 'engine.lib(SDL_sysloadso.obj)' or at ''; linking object as if no debug info
engine.lib(SDL_mouse.obj) : warning LNK4099: PDB '' was not found with 'engine.lib(SDL_mouse.obj)' or at ''; linking object as if no debug info
engine.lib(SDL_sysmutex.obj) : warning LNK4099: PDB '' was not found with 'engine.lib(SDL_sysmutex.obj)' or at ''; linking object as if no debug info
engine.lib(SDL_syssem.obj) : warning LNK4099: PDB '' was not found with 'engine.lib(SDL_syssem.obj)' or at ''; linking object as if no debug info
engine.lib(SDL_syscond_cv.obj) : warning LNK4099: PDB '' was not found with 'engine.lib(SDL_syscond_cv.obj)' or at ''; linking object as if no debug info
engine.lib(SDL_pixels.obj) : warning LNK4099: PDB '' was not found with 'engine.lib(SDL_pixels.obj)' or at ''; linking object as if no debug info
engine.lib(SDL_power.obj) : warning LNK4099: PDB '' was not found with 'engine.lib(SDL_power.obj)' or at ''; linking object as if no debug info
engine.lib(SDL_rect.obj) : warning LNK4099: PDB '' was not found with 'engine.lib(SDL_rect.obj)' or at ''; linking object as if no debug info
engine.lib(SDL_render.obj) : warning LNK4099: PDB '' was not found with 'engine.lib(SDL_render.obj)' or at ''; linking object as if no debug info
engine.lib(SDL_shape.obj) : warning LNK4099: PDB '' was not found with 'engine.lib(SDL_shape.obj)' or at ''; linking object as if no debug info
engine.lib(SDL_malloc.obj) : warning LNK4099: PDB '' was not found with 'engine.lib(SDL_malloc.obj)' or at ''; linking object as if no debug info
engine.lib(SDL_getenv.obj) : warning LNK4099: PDB '' was not found with 'engine.lib(SDL_getenv.obj)' or at ''; linking object as if no debug info
engine.lib(SDL_qsort.obj) : warning LNK4099: PDB '' was not found with 'engine.lib(SDL_qsort.obj)' or at ''; linking object as if no debug info
engine.lib(SDL_stdlib.obj) : warning LNK4099: PDB '' was not found with 'engine.lib(SDL_stdlib.obj)' or at ''; linking object as if no debug info
engine.lib(SDL_iconv.obj) : warning LNK4099: PDB '' was not found with 'engine.lib(SDL_iconv.obj)' or at ''; linking object as if no debug info
engine.lib(SDL_surface.obj) : warning LNK4099: PDB '' was not found with 'engine.lib(SDL_surface.obj)' or at ''; linking object as if no debug info
engine.lib(SDL_bmp.obj) : warning LNK4099: PDB '' was not found with 'engine.lib(SDL_bmp.obj)' or at ''; linking object as if no debug info
engine.lib(SDL_fillrect.obj) : warning LNK4099: PDB '' was not found with 'engine.lib(SDL_fillrect.obj)' or at ''; linking object as if no debug info
engine.lib(SDL_stretch.obj) : warning LNK4099: PDB '' was not found with 'engine.lib(SDL_stretch.obj)' or at ''; linking object as if no debug info
engine.lib(SDL_systhread.obj) : warning LNK4099: PDB '' was not found with 'engine.lib(SDL_systhread.obj)' or at ''; linking object as if no debug info
engine.lib(SDL_timer.obj) : warning LNK4099: PDB '' was not found with 'engine.lib(SDL_timer.obj)' or at ''; linking object as if no debug info
engine.lib(SDL_systimer.obj) : warning LNK4099: PDB '' was not found with 'engine.lib(SDL_systimer.obj)' or at ''; linking object as if no debug info
engine.lib(SDL_touch.obj) : warning LNK4099: PDB '' was not found with 'engine.lib(SDL_touch.obj)' or at ''; linking object as if no debug info
engine.lib(SDL_yuv.obj) : warning LNK4099: PDB '' was not found with 'engine.lib(SDL_yuv.obj)' or at ''; linking object as if no debug info
engine.lib(SDL_sensor.obj) : warning LNK4099: PDB '' was not found with 'engine.lib(SDL_sensor.obj)' or at ''; linking object as if no debug info
engine.lib(SDL_strtokr.obj) : warning LNK4099: PDB '' was not found with 'engine.lib(SDL_strtokr.obj)' or at ''; linking object as if no debug info
engine.lib(SDL_locale.obj) : warning LNK4099: PDB '' was not found with 'engine.lib(SDL_locale.obj)' or at ''; linking object as if no debug info
engine.lib(SDL_url.obj) : warning LNK4099: PDB '' was not found with 'engine.lib(SDL_url.obj)' or at ''; linking object as if no debug info
engine.lib(SDL_crc32.obj) : warning LNK4099: PDB '' was not found with 'engine.lib(SDL_crc32.obj)' or at ''; linking object as if no debug info
engine.lib(SDL_render_d3d11.obj) : warning LNK4099: PDB '' was not found with 'engine.lib(SDL_render_d3d11.obj)' or at ''; linking object as if no debug info
engine.lib(SDL_hidapi.obj) : warning LNK4099: PDB '' was not found with 'engine.lib(SDL_hidapi.obj)' or at ''; linking object as if no debug info
engine.lib(SDL_guid.obj) : warning LNK4099: PDB '' was not found with 'engine.lib(SDL_guid.obj)' or at ''; linking object as if no debug info
engine.lib(SDL_render_d3d12.obj) : warning LNK4099: PDB '' was not found with 'engine.lib(SDL_render_d3d12.obj)' or at ''; linking object as if no debug info
engine.lib(SDL_crc16.obj) : warning LNK4099: PDB '' was not found with 'engine.lib(SDL_crc16.obj)' or at ''; linking object as if no debug info
engine.lib(Vertex_Buffer_Object.obj) : warning LNK4099: PDB '' was not found with 'engine.lib(Vertex_Buffer_Object.obj)' or at ''; linking object as if no debug info
engine.lib(Vertex_Array_Object.obj) : warning LNK4099: PDB '' was not found with 'engine.lib(Vertex_Array_Object.obj)' or at ''; linking object as if no debug info
engine.lib(Shader.obj) : warning LNK4099: PDB '' was not found with 'engine.lib(Shader.obj)' or at ''; linking object as if no debug info
engine.lib(Shader_Program.obj) : warning LNK4099: PDB '' was not found with 'engine.lib(Shader_Program.obj)' or at ''; linking object as if no debug info
engine.lib(SDL_systls.obj) : warning LNK4099: PDB '' was not found with 'engine.lib(SDL_systls.obj)' or at ''; linking object as if no debug info
engine.lib(SDL_windows.obj) : warning LNK4099: PDB '' was not found with 'engine.lib(SDL_windows.obj)' or at ''; linking object as if no debug info
engine.lib(SDL_windowsclipboard.obj) : warning LNK4099: PDB '' was not found with 'engine.lib(SDL_windowsclipboard.obj)' or at ''; linking object as if no debug info
engine.lib(SDL_windowskeyboard.obj) : warning LNK4099: PDB '' was not found with 'engine.lib(SDL_windowskeyboard.obj)' or at ''; linking object as if no debug info
engine.lib(SDL_windowsmodes.obj) : warning LNK4099: PDB '' was not found with 'engine.lib(SDL_windowsmodes.obj)' or at ''; linking object as if no debug info
engine.lib(SDL_windowsmouse.obj) : warning LNK4099: PDB '' was not found with 'engine.lib(SDL_windowsmouse.obj)' or at ''; linking object as if no debug info
engine.lib(SDL_windowswindow.obj) : warning LNK4099: PDB '' was not found with 'engine.lib(SDL_windowswindow.obj)' or at ''; linking object as if no debug info
engine.lib(SDL_windowsshape.obj) : warning LNK4099: PDB '' was not found with 'engine.lib(SDL_windowsshape.obj)' or at ''; linking object as if no debug info
engine.lib(SDL_dropevents.obj) : warning LNK4099: PDB '' was not found with 'engine.lib(SDL_dropevents.obj)' or at ''; linking object as if no debug info
engine.lib(SDL_windowevents.obj) : warning LNK4099: PDB '' was not found with 'engine.lib(SDL_windowevents.obj)' or at ''; linking object as if no debug info
engine.lib(SDL_windowsopengl.obj) : warning LNK4099: PDB '' was not found with 'engine.lib(SDL_windowsopengl.obj)' or at ''; linking object as if no debug info
engine.lib(SDL_windowsframebuffer.obj) : warning LNK4099: PDB '' was not found with 'engine.lib(SDL_windowsframebuffer.obj)' or at ''; linking object as if no debug info
engine.lib(SDL_windowsvulkan.obj) : warning LNK4099: PDB '' was not found with 'engine.lib(SDL_windowsvulkan.obj)' or at ''; linking object as if no debug info
engine.lib(SDL_d3dmath.obj) : warning LNK4099: PDB '' was not found with 'engine.lib(SDL_d3dmath.obj)' or at ''; linking object as if no debug info
engine.lib(SDL_shaders_d3d.obj) : warning LNK4099: PDB '' was not found with 'engine.lib(SDL_shaders_d3d.obj)' or at ''; linking object as if no debug info
engine.lib(SDL_wasapi.obj) : warning LNK4099: PDB '' was not found with 'engine.lib(SDL_wasapi.obj)' or at ''; linking object as if no debug info
engine.lib(SDL_directsound.obj) : warning LNK4099: PDB '' was not found with 'engine.lib(SDL_directsound.obj)' or at ''; linking object as if no debug info
engine.lib(SDL_winmm.obj) : warning LNK4099: PDB '' was not found with 'engine.lib(SDL_winmm.obj)' or at ''; linking object as if no debug info
engine.lib(SDL_diskaudio.obj) : warning LNK4099: PDB '' was not found with 'engine.lib(SDL_diskaudio.obj)' or at ''; linking object as if no debug info
engine.lib(SDL_dummyaudio.obj) : warning LNK4099: PDB '' was not found with 'engine.lib(SDL_dummyaudio.obj)' or at ''; linking object as if no debug info
engine.lib(SDL_dataqueue.obj) : warning LNK4099: PDB '' was not found with 'engine.lib(SDL_dataqueue.obj)' or at ''; linking object as if no debug info
engine.lib(SDL_utils.obj) : warning LNK4099: PDB '' was not found with 'engine.lib(SDL_utils.obj)' or at ''; linking object as if no debug info
engine.lib(SDL_audiotypecvt.obj) : warning LNK4099: PDB '' was not found with 'engine.lib(SDL_audiotypecvt.obj)' or at ''; linking object as if no debug info
engine.lib(SDL_quit.obj) : warning LNK4099: PDB '' was not found with 'engine.lib(SDL_quit.obj)' or at ''; linking object as if no debug info
engine.lib(SDL_windowshaptic.obj) : warning LNK4099: PDB '' was not found with 'engine.lib(SDL_windowshaptic.obj)' or at ''; linking object as if no debug info
engine.lib(SDL_hidapijoystick.obj) : warning LNK4099: PDB '' was not found with 'engine.lib(SDL_hidapijoystick.obj)' or at ''; linking object as if no debug info
engine.lib(SDL_rawinputjoystick.obj) : warning LNK4099: PDB '' was not found with 'engine.lib(SDL_rawinputjoystick.obj)' or at ''; linking object as if no debug info
engine.lib(SDL_virtualjoystick.obj) : warning LNK4099: PDB '' was not found with 'engine.lib(SDL_virtualjoystick.obj)' or at ''; linking object as if no debug info
engine.lib(SDL_windows_gaming_input.obj) : warning LNK4099: PDB '' was not found with 'engine.lib(SDL_windows_gaming_input.obj)' or at ''; linking object as if no debug info
engine.lib(SDL_windowsjoystick.obj) : warning LNK4099: PDB '' was not found with 'engine.lib(SDL_windowsjoystick.obj)' or at ''; linking object as if no debug info
engine.lib(controller_type.obj) : warning LNK4099: PDB '' was not found with 'engine.lib(controller_type.obj)' or at ''; linking object as if no debug info
engine.lib(SDL_nullvideo.obj) : warning LNK4099: PDB '' was not found with 'engine.lib(SDL_nullvideo.obj)' or at ''; linking object as if no debug info
engine.lib(SDL_offscreenvideo.obj) : warning LNK4099: PDB '' was not found with 'engine.lib(SDL_offscreenvideo.obj)' or at ''; linking object as if no debug info
engine.lib(SDL_displayevents.obj) : warning LNK4099: PDB '' was not found with 'engine.lib(SDL_displayevents.obj)' or at ''; linking object as if no debug info
engine.lib(SDL_windowsmessagebox.obj) : warning LNK4099: PDB '' was not found with 'engine.lib(SDL_windowsmessagebox.obj)' or at ''; linking object as if no debug info
engine.lib(SDL_syscond.obj) : warning LNK4099: PDB '' was not found with 'engine.lib(SDL_syscond.obj)' or at ''; linking object as if no debug info
engine.lib(SDL_blit.obj) : warning LNK4099: PDB '' was not found with 'engine.lib(SDL_blit.obj)' or at ''; linking object as if no debug info
engine.lib(SDL_RLEaccel.obj) : warning LNK4099: PDB '' was not found with 'engine.lib(SDL_RLEaccel.obj)' or at ''; linking object as if no debug info
engine.lib(SDL_list.obj) : warning LNK4099: PDB '' was not found with 'engine.lib(SDL_list.obj)' or at ''; linking object as if no debug info
engine.lib(SDL_syspower.obj) : warning LNK4099: PDB '' was not found with 'engine.lib(SDL_syspower.obj)' or at ''; linking object as if no debug info
engine.lib(SDL_render_gl.obj) : warning LNK4099: PDB '' was not found with 'engine.lib(SDL_render_gl.obj)' or at ''; linking object as if no debug info
engine.lib(SDL_render_gles2.obj) : warning LNK4099: PDB '' was not found with 'engine.lib(SDL_render_gles2.obj)' or at ''; linking object as if no debug info
engine.lib(SDL_render_sw.obj) : warning LNK4099: PDB '' was not found with 'engine.lib(SDL_render_sw.obj)' or at ''; linking object as if no debug info
engine.lib(SDL_yuv_sw.obj) : warning LNK4099: PDB '' was not found with 'engine.lib(SDL_yuv_sw.obj)' or at ''; linking object as if no debug info
engine.lib(s_atan.obj) : warning LNK4099: PDB '' was not found with 'engine.lib(s_atan.obj)' or at ''; linking object as if no debug info
engine.lib(e_atan2.obj) : warning LNK4099: PDB '' was not found with 'engine.lib(e_atan2.obj)' or at ''; linking object as if no debug info
engine.lib(s_copysign.obj) : warning LNK4099: PDB '' was not found with 'engine.lib(s_copysign.obj)' or at ''; linking object as if no debug info
engine.lib(s_cos.obj) : warning LNK4099: PDB '' was not found with 'engine.lib(s_cos.obj)' or at ''; linking object as if no debug info
engine.lib(e_exp.obj) : warning LNK4099: PDB '' was not found with 'engine.lib(e_exp.obj)' or at ''; linking object as if no debug info
engine.lib(s_fabs.obj) : warning LNK4099: PDB '' was not found with 'engine.lib(s_fabs.obj)' or at ''; linking object as if no debug info
engine.lib(s_floor.obj) : warning LNK4099: PDB '' was not found with 'engine.lib(s_floor.obj)' or at ''; linking object as if no debug info
engine.lib(e_fmod.obj) : warning LNK4099: PDB '' was not found with 'engine.lib(e_fmod.obj)' or at ''; linking object as if no debug info
engine.lib(e_log.obj) : warning LNK4099: PDB '' was not found with 'engine.lib(e_log.obj)' or at ''; linking object as if no debug info
engine.lib(e_log10.obj) : warning LNK4099: PDB '' was not found with 'engine.lib(e_log10.obj)' or at ''; linking object as if no debug info
engine.lib(e_pow.obj) : warning LNK4099: PDB '' was not found with 'engine.lib(e_pow.obj)' or at ''; linking object as if no debug info
engine.lib(s_scalbn.obj) : warning LNK4099: PDB '' was not found with 'engine.lib(s_scalbn.obj)' or at ''; linking object as if no debug info
engine.lib(s_sin.obj) : warning LNK4099: PDB '' was not found with 'engine.lib(s_sin.obj)' or at ''; linking object as if no debug info
engine.lib(e_sqrt.obj) : warning LNK4099: PDB '' was not found with 'engine.lib(e_sqrt.obj)' or at ''; linking object as if no debug info
engine.lib(s_tan.obj) : warning LNK4099: PDB '' was not found with 'engine.lib(s_tan.obj)' or at ''; linking object as if no debug info
engine.lib(yuv_rgb.obj) : warning LNK4099: PDB '' was not found with 'engine.lib(yuv_rgb.obj)' or at ''; linking object as if no debug info
engine.lib(SDL_windowssensor.obj) : warning LNK4099: PDB '' was not found with 'engine.lib(SDL_windowssensor.obj)' or at ''; linking object as if no debug info
engine.lib(SDL_syslocale.obj) : warning LNK4099: PDB '' was not found with 'engine.lib(SDL_syslocale.obj)' or at ''; linking object as if no debug info
engine.lib(SDL_sysurl.obj) : warning LNK4099: PDB '' was not found with 'engine.lib(SDL_sysurl.obj)' or at ''; linking object as if no debug info
engine.lib(SDL_shaders_d3d11.obj) : warning LNK4099: PDB '' was not found with 'engine.lib(SDL_shaders_d3d11.obj)' or at ''; linking object as if no debug info
engine.lib(SDL_shaders_d3d12.obj) : warning LNK4099: PDB '' was not found with 'engine.lib(SDL_shaders_d3d12.obj)' or at ''; linking object as if no debug info
engine.lib(SDL_clipboardevents.obj) : warning LNK4099: PDB '' was not found with 'engine.lib(SDL_clipboardevents.obj)' or at ''; linking object as if no debug info
engine.lib(SDL_windowsopengles.obj) : warning LNK4099: PDB '' was not found with 'engine.lib(SDL_windowsopengles.obj)' or at ''; linking object as if no debug info
engine.lib(SDL_egl.obj) : warning LNK4099: PDB '' was not found with 'engine.lib(SDL_egl.obj)' or at ''; linking object as if no debug info
engine.lib(SDL_vulkan_utils.obj) : warning LNK4099: PDB '' was not found with 'engine.lib(SDL_vulkan_utils.obj)' or at ''; linking object as if no debug info
engine.lib(SDL_immdevice.obj) : warning LNK4099: PDB '' was not found with 'engine.lib(SDL_immdevice.obj)' or at ''; linking object as if no debug info
engine.lib(SDL_wasapi_win32.obj) : warning LNK4099: PDB '' was not found with 'engine.lib(SDL_wasapi_win32.obj)' or at ''; linking object as if no debug info
engine.lib(SDL_dinputhaptic.obj) : warning LNK4099: PDB '' was not found with 'engine.lib(SDL_dinputhaptic.obj)' or at ''; linking object as if no debug info
engine.lib(SDL_xinputhaptic.obj) : warning LNK4099: PDB '' was not found with 'engine.lib(SDL_xinputhaptic.obj)' or at ''; linking object as if no debug info
engine.lib(SDL_hidapi_gamecube.obj) : warning LNK4099: PDB '' was not found with 'engine.lib(SDL_hidapi_gamecube.obj)' or at ''; linking object as if no debug info
engine.lib(SDL_hidapi_switch.obj) : warning LNK4099: PDB '' was not found with 'engine.lib(SDL_hidapi_switch.obj)' or at ''; linking object as if no debug info
engine.lib(SDL_hidapi_luna.obj) : warning LNK4099: PDB '' was not found with 'engine.lib(SDL_hidapi_luna.obj)' or at ''; linking object as if no debug info
engine.lib(SDL_hidapi_ps3.obj) : warning LNK4099: PDB '' was not found with 'engine.lib(SDL_hidapi_ps3.obj)' or at ''; linking object as if no debug info
engine.lib(SDL_hidapi_ps4.obj) : warning LNK4099: PDB '' was not found with 'engine.lib(SDL_hidapi_ps4.obj)' or at ''; linking object as if no debug info
engine.lib(SDL_hidapi_ps5.obj) : warning LNK4099: PDB '' was not found with 'engine.lib(SDL_hidapi_ps5.obj)' or at ''; linking object as if no debug info
engine.lib(SDL_hidapi_shield.obj) : warning LNK4099: PDB '' was not found with 'engine.lib(SDL_hidapi_shield.obj)' or at ''; linking object as if no debug info
engine.lib(SDL_hidapi_stadia.obj) : warning LNK4099: PDB '' was not found with 'engine.lib(SDL_hidapi_stadia.obj)' or at ''; linking object as if no debug info
engine.lib(SDL_hidapi_steam.obj) : warning LNK4099: PDB '' was not found with 'engine.lib(SDL_hidapi_steam.obj)' or at ''; linking object as if no debug info
engine.lib(SDL_hidapi_wii.obj) : warning LNK4099: PDB '' was not found with 'engine.lib(SDL_hidapi_wii.obj)' or at ''; linking object as if no debug info
engine.lib(SDL_hidapi_xbox360.obj) : warning LNK4099: PDB '' was not found with 'engine.lib(SDL_hidapi_xbox360.obj)' or at ''; linking object as if no debug info
engine.lib(SDL_hidapi_xbox360w.obj) : warning LNK4099: PDB '' was not found with 'engine.lib(SDL_hidapi_xbox360w.obj)' or at ''; linking object as if no debug info
engine.lib(SDL_hidapi_xboxone.obj) : warning LNK4099: PDB '' was not found with 'engine.lib(SDL_hidapi_xboxone.obj)' or at ''; linking object as if no debug info
engine.lib(SDL_hidapi_rumble.obj) : warning LNK4099: PDB '' was not found with 'engine.lib(SDL_hidapi_rumble.obj)' or at ''; linking object as if no debug info
engine.lib(SDL_hidapi_combined.obj) : warning LNK4099: PDB '' was not found with 'engine.lib(SDL_hidapi_combined.obj)' or at ''; linking object as if no debug info
engine.lib(SDL_hid.obj) : warning LNK4099: PDB '' was not found with 'engine.lib(SDL_hid.obj)' or at ''; linking object as if no debug info
engine.lib(SDL_xinput.obj) : warning LNK4099: PDB '' was not found with 'engine.lib(SDL_xinput.obj)' or at ''; linking object as if no debug info
engine.lib(SDL_xinputjoystick.obj) : warning LNK4099: PDB '' was not found with 'engine.lib(SDL_xinputjoystick.obj)' or at ''; linking object as if no debug info
engine.lib(SDL_dinputjoystick.obj) : warning LNK4099: PDB '' was not found with 'engine.lib(SDL_dinputjoystick.obj)' or at ''; linking object as if no debug info
engine.lib(SDL_nullevents.obj) : warning LNK4099: PDB '' was not found with 'engine.lib(SDL_nullevents.obj)' or at ''; linking object as if no debug info
engine.lib(SDL_nullframebuffer.obj) : warning LNK4099: PDB '' was not found with 'engine.lib(SDL_nullframebuffer.obj)' or at ''; linking object as if no debug info
engine.lib(SDL_offscreenevents.obj) : warning LNK4099: PDB '' was not found with 'engine.lib(SDL_offscreenevents.obj)' or at ''; linking object as if no debug info
engine.lib(SDL_offscreenframebuffer.obj) : warning LNK4099: PDB '' was not found with 'engine.lib(SDL_offscreenframebuffer.obj)' or at ''; linking object as if no debug info
engine.lib(SDL_offscreenopengles.obj) : warning LNK4099: PDB '' was not found with 'engine.lib(SDL_offscreenopengles.obj)' or at ''; linking object as if no debug info
engine.lib(SDL_offscreenwindow.obj) : warning LNK4099: PDB '' was not found with 'engine.lib(SDL_offscreenwindow.obj)' or at ''; linking object as if no debug info
engine.lib(SDL_blit_0.obj) : warning LNK4099: PDB '' was not found with 'engine.lib(SDL_blit_0.obj)' or at ''; linking object as if no debug info
engine.lib(SDL_blit_1.obj) : warning LNK4099: PDB '' was not found with 'engine.lib(SDL_blit_1.obj)' or at ''; linking object as if no debug info
engine.lib(SDL_blit_N.obj) : warning LNK4099: PDB '' was not found with 'engine.lib(SDL_blit_N.obj)' or at ''; linking object as if no debug info
engine.lib(SDL_blit_A.obj) : warning LNK4099: PDB '' was not found with 'engine.lib(SDL_blit_A.obj)' or at ''; linking object as if no debug info
engine.lib(SDL_blit_copy.obj) : warning LNK4099: PDB '' was not found with 'engine.lib(SDL_blit_copy.obj)' or at ''; linking object as if no debug info
engine.lib(SDL_blit_slow.obj) : warning LNK4099: PDB '' was not found with 'engine.lib(SDL_blit_slow.obj)' or at ''; linking object as if no debug info
engine.lib(SDL_blit_auto.obj) : warning LNK4099: PDB '' was not found with 'engine.lib(SDL_blit_auto.obj)' or at ''; linking object as if no debug info
engine.lib(SDL_shaders_gl.obj) : warning LNK4099: PDB '' was not found with 'engine.lib(SDL_shaders_gl.obj)' or at ''; linking object as if no debug info
engine.lib(SDL_shaders_gles2.obj) : warning LNK4099: PDB '' was not found with 'engine.lib(SDL_shaders_gles2.obj)' or at ''; linking object as if no debug info
engine.lib(SDL_blendfillrect.obj) : warning LNK4099: PDB '' was not found with 'engine.lib(SDL_blendfillrect.obj)' or at ''; linking object as if no debug info
engine.lib(SDL_blendline.obj) : warning LNK4099: PDB '' was not found with 'engine.lib(SDL_blendline.obj)' or at ''; linking object as if no debug info
engine.lib(SDL_blendpoint.obj) : warning LNK4099: PDB '' was not found with 'engine.lib(SDL_blendpoint.obj)' or at ''; linking object as if no debug info
engine.lib(SDL_drawline.obj) : warning LNK4099: PDB '' was not found with 'engine.lib(SDL_drawline.obj)' or at ''; linking object as if no debug info
engine.lib(SDL_drawpoint.obj) : warning LNK4099: PDB '' was not found with 'engine.lib(SDL_drawpoint.obj)' or at ''; linking object as if no debug info
engine.lib(SDL_rotate.obj) : warning LNK4099: PDB '' was not found with 'engine.lib(SDL_rotate.obj)' or at ''; linking object as if no debug info
engine.lib(SDL_triangle.obj) : warning LNK4099: PDB '' was not found with 'engine.lib(SDL_triangle.obj)' or at ''; linking object as if no debug info
engine.lib(e_rem_pio2.obj) : warning LNK4099: PDB '' was not found with 'engine.lib(e_rem_pio2.obj)' or at ''; linking object as if no debug info
engine.lib(k_sin.obj) : warning LNK4099: PDB '' was not found with 'engine.lib(k_sin.obj)' or at ''; linking object as if no debug info
engine.lib(k_cos.obj) : warning LNK4099: PDB '' was not found with 'engine.lib(k_cos.obj)' or at ''; linking object as if no debug info
engine.lib(k_tan.obj) : warning LNK4099: PDB '' was not found with 'engine.lib(k_tan.obj)' or at ''; linking object as if no debug info
engine.lib(k_rem_pio2.obj) : warning LNK4099: PDB '' was not found with 'engine.lib(k_rem_pio2.obj)' or at ''; linking object as if no debug info
     Creating library C:\Users\Usuario\Documents\pruebas-c\engine\juego\proyect\visualStudio2022\x64\Debug\juego.lib and object C:\Users\Usuario\Documents\pruebas-c\engine\juego\proyect\visualStudio2022\x64\Debug\juego.exp
LINK : warning LNK4098: defaultlib 'MSVCRT' conflicts with use of other libs; use /NODEFAULTLIB:library
  juego.vcxproj -> C:\Users\Usuario\Documents\pruebas-c\engine\juego\proyect\visualStudio2022\x64\Debug\juego.exe
